Arguments: 
  C:\Program Files\nodejs\node.exe C:\Users\MAbdurrahman\AppData\Roaming\npm\node_modules\yarn\bin\yarn.js install

PATH: 
  C:\Tools\cmder\bin;C:\Tools\cmder\vendor\bin;C:\Program Files (x86)\Common Files\Oracle\Java\javapath;C:\Users\MAbdurrahman\AppData\Roaming\npm;C:\Tools\cmder\vendor\conemu-maximus5\ConEmu\Scripts;C:\Tools\cmder\vendor\conemu-maximus5;C:\Tools\cmder\vendor\conemu-maximus5\ConEmu;C:\Tools\cmder;C:\Program Files\MongoDB\Server\4.4\bin;C:\Program Files\MySQL\MySQL Shell 8.0\bin\;C:\Windows;C:\Windows\System32;C:\Program Files\MySQL\MySQL Server 8.0\bin;C:\Program Files\mongodb-database-tools\bin;C:\Program Files\PostgreSQL\13\bin;C:\Apache24\bin;C:\PHP-8.0.13;C:\PHP-7.4.1;C:\Program Files\nodejs\;C:\Users\MAbdurrahman\AppData\Local\Microsoft\WindowsApps;C:\Users\MAbdurrahman\AppData\Local\Programs\Microsoft VS Code\bin;C:\Program Files\Sublime Text 3;C:\Users\MAbdurrahman\AppData\Local\atom\bin;C:\Program Files (x86)\Brackets;C:\Program Files\Notepad++;C:\Program Files\heroku\bin;C:\Program Files\Perforce;C:\Program Files (x86)\Yarn\bin\;C:\Program Files\Java\jdk1.8.0_251\bin;C:\Program Files\Java\jdk-11.0.6\bin;C:\Program Files\Java\jdk1.8.0_251\jre;C:\ProgramData\ComposerSetup\bin;C:\Program Files (x86)\NVIDIA Corporation\PhysX\Common;C:\Program Files\Windows NT\Accessories;C:\Program Files\dotnet\;C:\Program Files\Git\cmd;C:\Program Files\Git\mingw64\bin;C:\Program Files\Git\usr\bin;C:\Program Files (x86)\Intel\Intel(R) Management Engine Components\DAL;C:\Program Files\Intel\Intel(R) Management Engine Components\DAL;C:\Program Files\MySQL\MySQL Shell 8.0\bin\;C:\Users\MAbdurrahman\AppData\Local\Microsoft\WindowsApps;C:\Program Files\nodejs\;C:\Users\MAbdurrahman\AppData\Local\atom\bin;C:\Users\MAbdurrahman\AppData\Local\Programs\Microsoft VS Code\bin;C:\Tools\cmder;C:\Program Files\MongoDB\Server\4.4\bin;C:\Program Files\heroku\bin;C:\Users\MAbdurrahman\AppData\Local\JetBrains\Toolbox\apps\WebStorm\ch-0\203.6682.155\bin;C:\Users\MAbdurrahman\AppData\Local\JetBrains\Toolbox\apps\IDEA-U\ch-0\203.6682.168\bin;C:\Program Files\Sublime Text 3;C:\Program Files (x86)\Brackets;C:\Program Files\Perforce;C:\Apache24\bin;C:\Users\MAbdurrahman\AppData\Local\Yarn\bin;C:\Users\MAbdurrahman\AppData\Roaming\Composer\vendor\bin;C:\Users\MAbdurrahman\AppData\Local\JetBrains\Toolbox\scripts;C:\Program Files (x86)\Brackets\;C:\Users\MAbdurrahman\AppData\Roaming\npm;

Yarn version: 
  1.22.19

Node version: 
  18.13.0

Platform: 
  win32 x64

Trace: 
  Error: connect ETIMEDOUT 2606:4700::6810:1a23:443
      at TCPConnectWrap.afterConnect [as oncomplete] (node:net:1487:16)

npm manifest: 
  {
    "name": "js-language-translator",
    "version": "1.0.0",
    "description": "simple javascript",
    "main": "main.js",
    "repository": "https://github.com/MAbdurahman/js-language-translator.git",
    "author": "Mahdi Abdurrahman <mdbdrrhm@gmail.com>",
    "license": "MIT",
    "private": false,
    "devDependencies": {
      "autoprefixer": "^9.8.4",
      "concat": "^1.0.3",
      "live-server": "^1.2.1",
      "npm-run-all": "^4.1.5",
      "postcss-cli": "^7.1.1"
    }
  }

yarn manifest: 
  No manifest

Lockfile: 
  No lockfile
